1758562835461	geckodriver	INFO	Listening on 127.0.0.1:55298
1758562839215	geckodriver	INFO	Listening on 127.0.0.1:55306
1758562844890	geckodriver	INFO	Listening on 127.0.0.1:55316
1758562848509	geckodriver	INFO	Listening on 127.0.0.1:55324
1758563326424	geckodriver	INFO	Listening on 127.0.0.1:55506
1758563330131	geckodriver	INFO	Listening on 127.0.0.1:55514
1758563335778	geckodriver	INFO	Listening on 127.0.0.1:55524
1758563339379	geckodriver	INFO	Listening on 127.0.0.1:55532
1758564081140	geckodriver	INFO	Listening on 127.0.0.1:56959
1758564084201	mozrunner::runner	INFO	Running command: "C:\\Program Files\\Mozilla Firefox\\firefox.exe" "--marionette" "--remote-debugging-port" "56960" "--remote-allow-hosts" "localhost" "-no-remote" "-profile" "C:\\Users\\User-PC\\AppData\\Local\\Temp\\rust_mozprofileySKc4W"
console.warn: services.settings: Ignoring preference override of remote settings server
console.warn: services.settings: Allow by setting MOZ_REMOTE_SETTINGS_DEVTOOLS=1 in the environment
Dynamically enable window occlusion 0
1758564084596	Marionette	INFO	Marionette enabled
1758564084765	Marionette	INFO	Listening on port 56968
WebDriver BiDi listening on ws://127.0.0.1:56960
Read port: 56968
1758564084929	RemoteAgent	WARN	TLS certificate errors will be ignored for this session
1758564142237	Marionette	INFO	Stopped listening on port 56968
Dynamically enable window occlusion 1
console.error: (new TypeError("NetworkError when attempting to fetch resource.", ""))
console.error: (new Error("OHTTP was configured for https://ads.mozilla.org/v1/delete_user but we couldn't fetch a valid config", "moz-src:///browser/modules/ContextId.sys.mjs", 234))
console.error: "Failed to fetch https://spocs.getpocket.com/user:" "NetworkError when attempting to fetch resource."
console.warn: TopSitesFeed: Failed to fetch data from MARS server: NetworkError when attempting to fetch resource.
JavaScript error: resource://gre/modules/ObliviousHTTP.sys.mjs, line 105: NS_ERROR_XPC_CANT_CONVERT_PRIMITIVE_TO_ARRAY: Cannot convert primitive JavaScript value into an array arg 2 [nsIObliviousHttpService.newChannel]
JavaScript error: resource://services-settings/RemoteSettingsClient.sys.mjs, line 102: Error: Unknown callback
or: "Failed to fetch https://spocs.getpocket.com/user:" "NetworkError when attempting to fetch resource."
console.error: (new TypeError("NetworkError when attempting to fetch resource.", ""))
console.error: (new Error("OHTTP was configured for https://ads.mozilla.org/v1/delete_user but we couldn't fetch a valid config", "moz-src:///browser/modules/ContextId.sys.mjs", 234))
console.warn: TopSitesFeed: Failed to fetch data from MARS server: NetworkError when attempting to fetch resource.
JavaScript error: resource://gre/modules/ObliviousHTTP.sys.mjs, line 105: NS_ERROR_XPC_CANT_CONVERT_PRIMITIVE_TO_ARRAY: Cannot convert primitive JavaScript value into an array arg 2 [nsIObliviousHttpService.newChannel]
JavaScript error: resource://services-settings/RemoteSettingsClient.sys.mjs, line 102: Error: Unknown callback
or: "Failed to fetch https://spocs.getpocket.com/user:" "NetworkError when attempting to fetch resource."
console.error: (new TypeError("NetworkError when attempting to fetch resource.", ""))
console.error: (new Error("OHTTP was configured for https://ads.mozilla.org/v1/delete_user but we couldn't fetch a valid config", "moz-src:///browser/modules/ContextId.sys.mjs", 234))
console.warn: TopSitesFeed: Failed to fetch data from MARS server: NetworkError when attempting to fetch resource.
JavaScript error: resource://gre/modules/ObliviousHTTP.sys.mjs, line 105: NS_ERROR_XPC_CANT_CONVERT_PRIMITIVE_TO_ARRAY: Cannot convert primitive JavaScript value into an array arg 2 [nsIObliviousHttpService.newChannel]
JavaScript error: resource://services-settings/RemoteSettingsClient.sys.mjs, line 102: Error: Unknown callback
1758564147542	geckodriver	INFO	Listening on 127.0.0.1:57089
1758564150613	mozrunner::runner	INFO	Running command: "C:\\Program Files\\Mozilla Firefox\\firefox.exe" "--marionette" "--remote-debugging-port" "57090" "--remote-allow-hosts" "localhost" "-no-remote" "-profile" "C:\\Users\\User-PC\\AppData\\Local\\Temp\\rust_mozprofile529rIN"
console.warn: services.settings: Ignoring preference override of remote settings server
console.warn: services.settings: Allow by setting MOZ_REMOTE_SETTINGS_DEVTOOLS=1 in the environment
Dynamically enable window occlusion 0
1758564151060	Marionette	INFO	Marionette enabled
1758564151230	Marionette	INFO	Listening on port 57097
WebDriver BiDi listening on ws://127.0.0.1:57090
Read port: 57097
1758564151388	RemoteAgent	WARN	TLS certificate errors will be ignored for this session
1758564218476	geckodriver	INFO	Listening on 127.0.0.1:57132
1758564221549	mozrunner::runner	INFO	Running command: "C:\\Program Files\\Mozilla Firefox\\firefox.exe" "--marionette" "--remote-debugging-port" "57133" "--remote-allow-hosts" "localhost" "-no-remote" "-profile" "C:\\Users\\User-PC\\AppData\\Local\\Temp\\rust_mozprofile7KSZyB"
console.warn: services.settings: Ignoring preference override of remote settings server
console.warn: services.settings: Allow by setting MOZ_REMOTE_SETTINGS_DEVTOOLS=1 in the environment
Dynamically enable window occlusion 0
1758564221924	Marionette	INFO	Marionette enabled
1758564222324	Marionette	INFO	Listening on port 57140
WebDriver BiDi listening on ws://127.0.0.1:57133
Read port: 57140
1758564222458	RemoteAgent	WARN	TLS certificate errors will be ignored for this session
A content process crashed and MOZ_CRASHREPORTER_SHUTDOWN is set, shutting down
1758564548568	Marionette	INFO	Stopped listening on port 57140
Dynamically enable window occlusion 1
console.error: (new TypeError("NetworkError when attempting to fetch resource.", ""))
console.error: (new Error("OHTTP was configured for https://ads.mozilla.org/v1/delete_user but we couldn't fetch a valid config", "moz-src:///browser/modules/ContextId.sys.mjs", 234))
console.error: "Failed to fetch https://spocs.getpocket.com/user:" "NetworkError when attempting to fetch resource."
console.warn: TopSitesFeed: Failed to fetch data from MARS server: NetworkError when attempting to fetch resource.
JavaScript error: resource://gre/modules/ObliviousHTTP.sys.mjs, line 105: NS_ERROR_XPC_CANT_CONVERT_PRIMITIVE_TO_ARRAY: Cannot convert primitive JavaScript value into an array arg 2 [nsIObliviousHttpService.newChannel]
JavaScript error: resource://services-settings/RemoteSettingsClient.sys.mjs, line 102: Error: Unknown callback
gging-port" "57210" "--remote-allow-hosts" "localhost" "-no-remote" "-profile" "C:\\Users\\User-PC\\AppData\\Local\\Temp\\rust_mozprofileU6sVdw"
console.warn: services.settings: Ignoring preference override of remote settings server
console.warn: services.settings: Allow by setting MOZ_REMOTE_SETTINGS_DEVTOOLS=1 in the environment
Dynamically enable window occlusion 0
1758564261470	Marionette	INFO	Marionette enabled
1758564261635	Marionette	INFO	Listening on port 57217
WebDriver BiDi listening on ws://127.0.0.1:57210
Read port: 57217
1758564261843	RemoteAgent	WARN	TLS certificate errors will be ignored for this session
A content process crashed and MOZ_CRASHREPORTER_SHUTDOWN is set, shutting down
1758564530158	Marionette	INFO	Stopped listening on port 57217
Dynamically enable window occlusion 1
console.error: (new TypeError("NetworkError when attempting to fetch resource.", ""))
console.error: (new Error("OHTTP was configured for https://ads.mozilla.org/v1/delete_user but we couldn't fetch a valid config", "moz-src:///browser/modules/ContextId.sys.mjs", 234))
console.error: "Failed to fetch https://spocs.getpocket.com/user:" "NetworkError when attempting to fetch resource."
console.warn: TopSitesFeed: Failed to fetch data from MARS server: NetworkError when attempting to fetch resource.
JavaScript error: resource://gre/modules/ObliviousHTTP.sys.mjs, line 105: NS_ERROR_XPC_CANT_CONVERT_PRIMITIVE_TO_ARRAY: Cannot convert primitive JavaScript value into an array arg 2 [nsIObliviousHttpService.newChannel]
JavaScript error: resource://services-settings/RemoteSettingsClient.sys.mjs, line 102: Error: Unknown callback
\Mozilla Firefox\\firefox.exe" "--marionette" "--remote-debugging-port" "57365" "--remote-allow-hosts" "localhost" "-no-remote" "-profile" "C:\\Users\\User-PC\\AppData\\Local\\Temp\\rust_mozprofileLcRgkc"
console.warn: services.settings: Ignoring preference override of remote settings server
console.warn: services.settings: Allow by setting MOZ_REMOTE_SETTINGS_DEVTOOLS=1 in the environment
Dynamically enable window occlusion 0
1758564382247	Marionette	INFO	Marionette enabled
1758564382523	Marionette	INFO	Listening on port 57374
WebDriver BiDi listening on ws://127.0.0.1:57365
Read port: 57374
1758564382746	RemoteAgent	WARN	TLS certificate errors will be ignored for this session
1758564396010	Marionette	INFO	Stopped listening on port 57374
Dynamically enable window occlusion 1
console.error: "Failed to fetch https://spocs.getpocket.com/user:" "NetworkError when attempting to fetch resource."
console.error: (new TypeError("NetworkError when attempting to fetch resource.", ""))
console.error: (new Error("OHTTP was configured for https://ads.mozilla.org/v1/delete_user but we couldn't fetch a valid config", "moz-src:///browser/modules/ContextId.sys.mjs", 234))
console.warn: TopSitesFeed: Failed to fetch data from MARS server: NetworkError when attempting to fetch resource.
JavaScript error: resource://gre/modules/ObliviousHTTP.sys.mjs, line 105: NS_ERROR_XPC_CANT_CONVERT_PRIMITIVE_TO_ARRAY: Cannot convert primitive JavaScript value into an array arg 2 [nsIObliviousHttpService.newChannel]
JavaScript error: resource://services-settings/RemoteSettingsClient.sys.mjs, line 102: Error: Unknown callback
1758564400903	geckodriver	INFO	Listening on 127.0.0.1:57410
1758564403945	mozrunner::runner	INFO	Running command: "C:\\Program Files\\Mozilla Firefox\\firefox.exe" "--marionette" "--remote-debugging-port" "57411" "--remote-allow-hosts" "localhost" "-no-remote" "-profile" "C:\\Users\\User-PC\\AppData\\Local\\Temp\\rust_mozprofileAfPr1w"
console.warn: services.settings: Ignoring preference override of remote settings server
console.warn: services.settings: Allow by setting MOZ_REMOTE_SETTINGS_DEVTOOLS=1 in the environment
Dynamically enable window occlusion 0
1758564404523	Marionette	INFO	Marionette enabled
1758564404702	Marionette	INFO	Listening on port 57418
WebDriver BiDi listening on ws://127.0.0.1:57411
Read port: 57418
1758564404866	RemoteAgent	WARN	TLS certificate errors will be ignored for this session
Exiting due to channel error.
Listening on 127.0.0.1:57450
1758564426100	mozrunner::runner	INFO	Running command: "C:\\Program Files\\Mozilla Firefox\\firefox.exe" "--marionette" "--remote-debugging-port" "57451" "--remote-allow-hosts" "localhost" "-no-remote" "-profile" "C:\\Users\\User-PC\\AppData\\Local\\Temp\\rust_mozprofileibv3TS"
console.warn: services.settings: Ignoring preference override of remote settings server
console.warn: services.settings: Allow by setting MOZ_REMOTE_SETTINGS_DEVTOOLS=1 in the environment
Dynamically enable window occlusion 0
1758564426523	Marionette	INFO	Marionette enabled
1758564426695	Marionette	INFO	Listening on port 57459
WebDriver BiDi listening on ws://127.0.0.1:57451
Read port: 57459
1758564426823	RemoteAgent	WARN	TLS certificate errors will be ignored for this session
1758564440398	Marionette	INFO	Stopped listening on port 57459
Dynamically enable window occlusion 1
console.error: "Failed to fetch https://spocs.getpocket.com/user:" "NetworkError when attempting to fetch resource."
console.error: (new TypeError("NetworkError when attempting to fetch resource.", ""))
console.error: (new Error("OHTTP was configured for https://ads.mozilla.org/v1/delete_user but we couldn't fetch a valid config", "moz-src:///browser/modules/ContextId.sys.mjs", 234))
console.warn: TopSitesFeed: Failed to fetch data from MARS server: NetworkError when attempting to fetch resource.
JavaScript error: resource://gre/modules/ObliviousHTTP.sys.mjs, line 105: NS_ERROR_XPC_CANT_CONVERT_PRIMITIVE_TO_ARRAY: Cannot convert primitive JavaScript value into an array arg 2 [nsIObliviousHttpService.newChannel]
JavaScript error: resource://services-settings/RemoteSettingsClient.sys.mjs, line 102: Error: Unknown callback
1758564563063	geckodriver	INFO	Listening on 127.0.0.1:57521
1758564566154	mozrunner::runner	INFO	Running command: "C:\\Program Files\\Mozilla Firefox\\firefox.exe" "--marionette" "--remote-debugging-port" "57522" "--remote-allow-hosts" "localhost" "-no-remote" "-profile" "C:\\Users\\User-PC\\AppData\\Local\\Temp\\rust_mozprofileUfwCGj"
console.warn: services.settings: Ignoring preference override of remote settings server
console.warn: services.settings: Allow by setting MOZ_REMOTE_SETTINGS_DEVTOOLS=1 in the environment
Dynamically enable window occlusion 0
1758564566640	Marionette	INFO	Marionette enabled
1758564566806	Marionette	INFO	Listening on port 57529
WebDriver BiDi listening on ws://127.0.0.1:57522
Read port: 57529
1758564566998	RemoteAgent	WARN	TLS certificate errors will be ignored for this session
1758564647618	Marionette	INFO	Stopped listening on port 57529
Dynamically enable window occlusion 1
console.error: (new TypeError("NetworkError when attempting to fetch resource.", ""))
console.error: (new Error("OHTTP was configured for https://ads.mozilla.org/v1/delete_user but we couldn't fetch a valid config", "moz-src:///browser/modules/ContextId.sys.mjs", 234))
console.error: "Failed to fetch https://spocs.getpocket.com/user:" "NetworkError when attempting to fetch resource."
console.warn: TopSitesFeed: Failed to fetch data from MARS server: NetworkError when attempting to fetch resource.
JavaScript error: resource://gre/modules/ObliviousHTTP.sys.mjs, line 105: NS_ERROR_XPC_CANT_CONVERT_PRIMITIVE_TO_ARRAY: Cannot convert primitive JavaScript value into an array arg 2 [nsIObliviousHttpService.newChannel]Exiting due to channel error.
Exiting due to channel error.
Exiting due to channel error.
Exiting due to channel error.
am Files\\Mozilla Firefox\\firefox.exe" "--marionette" "--remote-debugging-port" "57604" "--remote-allow-hosts" "localhost" "-no-remote" "-profile" "C:\\Users\\User-PC\\AppData\\Local\\Temp\\rust_mozprofiledO4UNB"
console.warn: services.settings: Ignoring preference override of remote settings server
console.warn: services.settings: Allow by setting MOZ_REMOTE_SETTINGS_DEVTOOLS=1 in the environment
Dynamically enable window occlusion 0
1758564606977	Marionette	INFO	Marionette enabled
1758564607142	Marionette	INFO	Listening on port 57611
WebDriver BiDi listening on ws://127.0.0.1:57604
Read port: 57611
1758564607328	RemoteAgent	WARN	TLS certificate errors will be ignored for this session
1758564646927	Marionette	INFO	Stopped listening on port 57611
Dynamically enable window occlusion 1
console.error: "Failed to fetch https://spocs.getpocket.com/user:" "NetworkError when attempting to fetch resource."
console.error: (new TypeError("NetworkError when attempting to fetch resource.", ""))
console.error: (new Error("OHTTP was configured for https://ads.mozilla.org/v1/delete_user but we couldn't fetch a valid config", "moz-src:///browser/modules/ContextId.sys.mjs", 234))
console.warn: TopSitesFeed: Failed to fetch data from MARS server: NetworkError when attempting to fetch resource.
JavaScript error: resource://gre/modules/ObliviousHTTP.sys.mjs, line 105: NS_ERROR_XPC_CANT_CONVERT_PRIMITIVE_TO_ARRAY: Cannot convert primitive JavaScript value into an array arg 2 [nsIObliviousHttpService.newChannel]
JavaScript error: resource://services-settings/RemoteSettingsClient.sys.mjs, line 102: Error: Unknown callback
or: "Failed to fetch https://spocs.getpocket.com/user:" "NetworkError when attempting to fetch resource."
console.error: (new TypeError("NetworkError when attempting to fetch resource.", ""))
console.error: (new Error("OHTTP was configured for https://ads.mozilla.org/v1/delete_user but we couldn't fetch a valid config", "moz-src:///browser/modules/ContextId.sys.mjs", 234))
console.warn: TopSitesFeed: Failed to fetch data from MARS server: NetworkError when attempting to fetch resource.
JavaScript error: resource://gre/modules/ObliviousHTTP.sys.mjs, line 105: NS_ERROR_XPC_CANT_CONVERT_PRIMITIVE_TO_ARRAY: Cannot convert primitive JavaScript value into an array arg 2 [nsIObliviousHttpService.newChannel]
JavaScript error: resource://services-settings/RemoteSettingsClient.sys.mjs, line 102: Error: Unknown callback
